<?xml version="1.0" encoding="UTF-8"?>
<!-- Generated by org.testng.reporters.JUnitReportReporter -->
<testsuite hostname="DESKTOP-S9COC0S" failures="0" tests="1" name="com.actitime.testscript.Practice" time="1.682" errors="0" timestamp="2024-09-26T19:53:24 IST" skipped="0">
  <testcase classname="com.actitime.testscript.Practice" name="DemoSample" time="1.682"/>
  <system-out>
    <![CDATA[hi]]>
  </system-out>
</testsuite> <!-- com.actitime.testscript.Practice -->
