<?xml version="1.0" encoding="UTF-8"?>
<!-- Generated by org.testng.reporters.JUnitReportReporter -->
<testsuite hostname="DESKTOP-S9COC0S" failures="0" tests="1" name="com.actitime.testscript.DemoTestNG" time="0.015" errors="0" timestamp="2024-10-05T17:49:18 IST" skipped="0">
  <testcase classname="com.actitime.testscript.DemoTestNG" name="DemoTesting" time="0.015"/>
  <system-out>
    <![CDATA[hi]]>
  </system-out>
</testsuite> <!-- com.actitime.testscript.DemoTestNG -->
